2026-02-09 15:11:15,888 - __main__ - INFO - Starting options opportunities generation
2026-02-09 15:11:16,276 - httpx - INFO - HTTP Request: DELETE https://bsuxftcbjeqzujwhxrtu.supabase.co/rest/v1/options_opportunities?opportunity_id=neq.0 "HTTP/2 200 OK"
2026-02-09 15:11:16,288 - __main__ - INFO - Cleared options_opportunities table
2026-02-09 15:11:16,522 - httpx - INFO - HTTP Request: GET https://bsuxftcbjeqzujwhxrtu.supabase.co/rest/v1/stock_quotes?select=quote_date&order=quote_date.desc&limit=1 "HTTP/2 200 OK"
2026-02-09 15:11:16,699 - httpx - INFO - HTTP Request: GET https://bsuxftcbjeqzujwhxrtu.supabase.co/rest/v1/stock_quotes?select=ticker%2Cprice%2Crsi%2Csma50%2Csma200&quote_date=eq.2026-02-09 "HTTP/2 200 OK"
2026-02-09 15:11:16,701 - __main__ - INFO - Found 0 long-bias candidates
2026-02-09 15:11:16,701 - __main__ - WARNING - No long-bias candidates found. Relaxing criteria...
2026-02-09 15:11:16,847 - httpx - INFO - HTTP Request: GET https://bsuxftcbjeqzujwhxrtu.supabase.co/rest/v1/stock_quotes?select=ticker%2Cprice%2Crsi%2Csma50%2Csma200&order=quote_date.desc&limit=100 "HTTP/2 200 OK"
2026-02-09 15:11:16,848 - __main__ - INFO - Processing FUTU...
2026-02-09 15:11:17,006 - httpx - INFO - HTTP Request: GET https://bsuxftcbjeqzujwhxrtu.supabase.co/rest/v1/options_quotes?select=date&order=date.desc&limit=1 "HTTP/2 200 OK"
2026-02-09 15:11:17,272 - httpx - INFO - HTTP Request: GET https://bsuxftcbjeqzujwhxrtu.supabase.co/rest/v1/options_quotes?select=%2A&symbol=eq.FUTU&date=eq.2026-02-09&type=eq.put "HTTP/2 200 OK"
2026-02-09 15:11:17,285 - __main__ - INFO - Processing NBIX...
2026-02-09 15:11:17,437 - httpx - INFO - HTTP Request: GET https://bsuxftcbjeqzujwhxrtu.supabase.co/rest/v1/options_quotes?select=date&order=date.desc&limit=1 "HTTP/2 200 OK"
2026-02-09 15:11:17,588 - httpx - INFO - HTTP Request: GET https://bsuxftcbjeqzujwhxrtu.supabase.co/rest/v1/options_quotes?select=%2A&symbol=eq.NBIX&date=eq.2026-02-09&type=eq.put "HTTP/2 200 OK"
2026-02-09 15:11:17,589 - __main__ - INFO - Processing LPLA...
2026-02-09 15:11:17,755 - httpx - INFO - HTTP Request: GET https://bsuxftcbjeqzujwhxrtu.supabase.co/rest/v1/options_quotes?select=date&order=date.desc&limit=1 "HTTP/2 200 OK"
2026-02-09 15:11:17,906 - httpx - INFO - HTTP Request: GET https://bsuxftcbjeqzujwhxrtu.supabase.co/rest/v1/options_quotes?select=%2A&symbol=eq.LPLA&date=eq.2026-02-09&type=eq.put "HTTP/2 200 OK"
2026-02-09 15:11:17,907 - __main__ - INFO - Processing IR...
2026-02-09 15:11:18,077 - httpx - INFO - HTTP Request: GET https://bsuxftcbjeqzujwhxrtu.supabase.co/rest/v1/options_quotes?select=date&order=date.desc&limit=1 "HTTP/2 200 OK"
2026-02-09 15:11:18,249 - httpx - INFO - HTTP Request: GET https://bsuxftcbjeqzujwhxrtu.supabase.co/rest/v1/options_quotes?select=%2A&symbol=eq.IR&date=eq.2026-02-09&type=eq.put "HTTP/2 200 OK"
2026-02-09 15:11:18,252 - __main__ - INFO - Processing ROL...
2026-02-09 15:11:18,413 - httpx - INFO - HTTP Request: GET https://bsuxftcbjeqzujwhxrtu.supabase.co/rest/v1/options_quotes?select=date&order=date.desc&limit=1 "HTTP/2 200 OK"
2026-02-09 15:11:18,551 - httpx - INFO - HTTP Request: GET https://bsuxftcbjeqzujwhxrtu.supabase.co/rest/v1/options_quotes?select=%2A&symbol=eq.ROL&date=eq.2026-02-09&type=eq.put "HTTP/2 200 OK"
2026-02-09 15:11:18,552 - __main__ - INFO - Processing HEI-A...
2026-02-09 15:11:18,758 - httpx - INFO - HTTP Request: GET https://bsuxftcbjeqzujwhxrtu.supabase.co/rest/v1/options_quotes?select=date&order=date.desc&limit=1 "HTTP/2 200 OK"
2026-02-09 15:11:18,923 - httpx - INFO - HTTP Request: GET https://bsuxftcbjeqzujwhxrtu.supabase.co/rest/v1/options_quotes?select=%2A&symbol=eq.HEI-A&date=eq.2026-02-09&type=eq.put "HTTP/2 200 OK"
2026-02-09 15:11:18,924 - __main__ - INFO - Processing HEI...
2026-02-09 15:11:19,076 - httpx - INFO - HTTP Request: GET https://bsuxftcbjeqzujwhxrtu.supabase.co/rest/v1/options_quotes?select=date&order=date.desc&limit=1 "HTTP/2 200 OK"
2026-02-09 15:11:19,217 - httpx - INFO - HTTP Request: GET https://bsuxftcbjeqzujwhxrtu.supabase.co/rest/v1/options_quotes?select=%2A&symbol=eq.HEI&date=eq.2026-02-09&type=eq.put "HTTP/2 200 OK"
2026-02-09 15:11:19,224 - __main__ - INFO - Processing APO...
2026-02-09 15:11:19,368 - httpx - INFO - HTTP Request: GET https://bsuxftcbjeqzujwhxrtu.supabase.co/rest/v1/options_quotes?select=date&order=date.desc&limit=1 "HTTP/2 200 OK"
2026-02-09 15:11:19,523 - httpx - INFO - HTTP Request: GET https://bsuxftcbjeqzujwhxrtu.supabase.co/rest/v1/options_quotes?select=%2A&symbol=eq.APO&date=eq.2026-02-09&type=eq.put "HTTP/2 200 OK"
2026-02-09 15:11:19,536 - __main__ - INFO - Processing URI...
2026-02-09 15:11:19,680 - httpx - INFO - HTTP Request: GET https://bsuxftcbjeqzujwhxrtu.supabase.co/rest/v1/options_quotes?select=date&order=date.desc&limit=1 "HTTP/2 200 OK"
2026-02-09 15:11:19,835 - httpx - INFO - HTTP Request: GET https://bsuxftcbjeqzujwhxrtu.supabase.co/rest/v1/options_quotes?select=%2A&symbol=eq.URI&date=eq.2026-02-09&type=eq.put "HTTP/2 200 OK"
2026-02-09 15:11:19,835 - __main__ - INFO - Processing ASML...
2026-02-09 15:11:19,979 - httpx - INFO - HTTP Request: GET https://bsuxftcbjeqzujwhxrtu.supabase.co/rest/v1/options_quotes?select=date&order=date.desc&limit=1 "HTTP/2 200 OK"
2026-02-09 15:11:20,158 - httpx - INFO - HTTP Request: GET https://bsuxftcbjeqzujwhxrtu.supabase.co/rest/v1/options_quotes?select=%2A&symbol=eq.ASML&date=eq.2026-02-09&type=eq.put "HTTP/2 200 OK"
2026-02-09 15:11:20,171 - __main__ - INFO - Processing GOOG...
2026-02-09 15:11:20,320 - httpx - INFO - HTTP Request: GET https://bsuxftcbjeqzujwhxrtu.supabase.co/rest/v1/options_quotes?select=date&order=date.desc&limit=1 "HTTP/2 200 OK"
2026-02-09 15:11:20,506 - httpx - INFO - HTTP Request: GET https://bsuxftcbjeqzujwhxrtu.supabase.co/rest/v1/options_quotes?select=%2A&symbol=eq.GOOG&date=eq.2026-02-09&type=eq.put "HTTP/2 200 OK"
2026-02-09 15:11:20,518 - __main__ - INFO - Processing GOOGL...
2026-02-09 15:11:20,694 - httpx - INFO - HTTP Request: GET https://bsuxftcbjeqzujwhxrtu.supabase.co/rest/v1/options_quotes?select=date&order=date.desc&limit=1 "HTTP/2 200 OK"
2026-02-09 15:11:20,958 - httpx - INFO - HTTP Request: GET https://bsuxftcbjeqzujwhxrtu.supabase.co/rest/v1/options_quotes?select=%2A&symbol=eq.GOOGL&date=eq.2026-02-09&type=eq.put "HTTP/2 200 OK"
2026-02-09 15:11:20,975 - __main__ - INFO - Processing LLY...
2026-02-09 15:11:21,127 - httpx - INFO - HTTP Request: GET https://bsuxftcbjeqzujwhxrtu.supabase.co/rest/v1/options_quotes?select=date&order=date.desc&limit=1 "HTTP/2 200 OK"
2026-02-09 15:11:21,314 - httpx - INFO - HTTP Request: GET https://bsuxftcbjeqzujwhxrtu.supabase.co/rest/v1/options_quotes?select=%2A&symbol=eq.LLY&date=eq.2026-02-09&type=eq.put "HTTP/2 200 OK"
2026-02-09 15:11:21,321 - __main__ - INFO - Processing APH...
2026-02-09 15:11:21,465 - httpx - INFO - HTTP Request: GET https://bsuxftcbjeqzujwhxrtu.supabase.co/rest/v1/options_quotes?select=date&order=date.desc&limit=1 "HTTP/2 200 OK"
2026-02-09 15:11:21,638 - httpx - INFO - HTTP Request: GET https://bsuxftcbjeqzujwhxrtu.supabase.co/rest/v1/options_quotes?select=%2A&symbol=eq.APH&date=eq.2026-02-09&type=eq.put "HTTP/2 200 OK"
2026-02-09 15:11:21,643 - __main__ - INFO - Processing MLI...
2026-02-09 15:11:21,804 - httpx - INFO - HTTP Request: GET https://bsuxftcbjeqzujwhxrtu.supabase.co/rest/v1/options_quotes?select=date&order=date.desc&limit=1 "HTTP/2 200 OK"
2026-02-09 15:11:21,987 - httpx - INFO - HTTP Request: GET https://bsuxftcbjeqzujwhxrtu.supabase.co/rest/v1/options_quotes?select=%2A&symbol=eq.MLI&date=eq.2026-02-09&type=eq.put "HTTP/2 200 OK"
2026-02-09 15:11:21,988 - __main__ - INFO - Processing KLAC...
2026-02-09 15:11:22,213 - httpx - INFO - HTTP Request: GET https://bsuxftcbjeqzujwhxrtu.supabase.co/rest/v1/options_quotes?select=date&order=date.desc&limit=1 "HTTP/2 200 OK"
2026-02-09 15:11:22,407 - httpx - INFO - HTTP Request: GET https://bsuxftcbjeqzujwhxrtu.supabase.co/rest/v1/options_quotes?select=%2A&symbol=eq.KLAC&date=eq.2026-02-09&type=eq.put "HTTP/2 200 OK"
2026-02-09 15:11:22,412 - __main__ - INFO - Processing TSM...
2026-02-09 15:11:22,571 - httpx - INFO - HTTP Request: GET https://bsuxftcbjeqzujwhxrtu.supabase.co/rest/v1/options_quotes?select=date&order=date.desc&limit=1 "HTTP/2 200 OK"
2026-02-09 15:11:22,744 - httpx - INFO - HTTP Request: GET https://bsuxftcbjeqzujwhxrtu.supabase.co/rest/v1/options_quotes?select=%2A&symbol=eq.TSM&date=eq.2026-02-09&type=eq.put "HTTP/2 200 OK"
2026-02-09 15:11:22,745 - __main__ - INFO - Processing AEM...
2026-02-09 15:11:22,897 - httpx - INFO - HTTP Request: GET https://bsuxftcbjeqzujwhxrtu.supabase.co/rest/v1/options_quotes?select=date&order=date.desc&limit=1 "HTTP/2 200 OK"
2026-02-09 15:11:23,144 - httpx - INFO - HTTP Request: GET https://bsuxftcbjeqzujwhxrtu.supabase.co/rest/v1/options_quotes?select=%2A&symbol=eq.AEM&date=eq.2026-02-09&type=eq.put "HTTP/2 200 OK"
2026-02-09 15:11:23,157 - __main__ - INFO - Processing IBKR...
2026-02-09 15:11:23,339 - httpx - INFO - HTTP Request: GET https://bsuxftcbjeqzujwhxrtu.supabase.co/rest/v1/options_quotes?select=date&order=date.desc&limit=1 "HTTP/2 200 OK"
2026-02-09 15:11:23,515 - httpx - INFO - HTTP Request: GET https://bsuxftcbjeqzujwhxrtu.supabase.co/rest/v1/options_quotes?select=%2A&symbol=eq.IBKR&date=eq.2026-02-09&type=eq.put "HTTP/2 200 OK"
2026-02-09 15:11:23,526 - __main__ - INFO - Processing AGI...
2026-02-09 15:11:23,683 - httpx - INFO - HTTP Request: GET https://bsuxftcbjeqzujwhxrtu.supabase.co/rest/v1/options_quotes?select=date&order=date.desc&limit=1 "HTTP/2 200 OK"
2026-02-09 15:11:23,841 - httpx - INFO - HTTP Request: GET https://bsuxftcbjeqzujwhxrtu.supabase.co/rest/v1/options_quotes?select=%2A&symbol=eq.AGI&date=eq.2026-02-09&type=eq.put "HTTP/2 200 OK"
2026-02-09 15:11:23,846 - __main__ - INFO - Processing CCJ...
2026-02-09 15:11:24,010 - httpx - INFO - HTTP Request: GET https://bsuxftcbjeqzujwhxrtu.supabase.co/rest/v1/options_quotes?select=date&order=date.desc&limit=1 "HTTP/2 200 OK"
2026-02-09 15:11:24,223 - httpx - INFO - HTTP Request: GET https://bsuxftcbjeqzujwhxrtu.supabase.co/rest/v1/options_quotes?select=%2A&symbol=eq.CCJ&date=eq.2026-02-09&type=eq.put "HTTP/2 200 OK"
2026-02-09 15:11:24,238 - __main__ - INFO - Processing EPAM...
2026-02-09 15:11:24,455 - httpx - INFO - HTTP Request: GET https://bsuxftcbjeqzujwhxrtu.supabase.co/rest/v1/options_quotes?select=date&order=date.desc&limit=1 "HTTP/2 200 OK"
2026-02-09 15:11:24,615 - httpx - INFO - HTTP Request: GET https://bsuxftcbjeqzujwhxrtu.supabase.co/rest/v1/options_quotes?select=%2A&symbol=eq.EPAM&date=eq.2026-02-09&type=eq.put "HTTP/2 200 OK"
2026-02-09 15:11:24,620 - __main__ - INFO - Processing WDS...
2026-02-09 15:11:24,795 - httpx - INFO - HTTP Request: GET https://bsuxftcbjeqzujwhxrtu.supabase.co/rest/v1/options_quotes?select=date&order=date.desc&limit=1 "HTTP/2 200 OK"
2026-02-09 15:11:24,950 - httpx - INFO - HTTP Request: GET https://bsuxftcbjeqzujwhxrtu.supabase.co/rest/v1/options_quotes?select=%2A&symbol=eq.WDS&date=eq.2026-02-09&type=eq.put "HTTP/2 200 OK"
2026-02-09 15:11:24,951 - __main__ - INFO - Processing GMAB...
2026-02-09 15:11:25,098 - httpx - INFO - HTTP Request: GET https://bsuxftcbjeqzujwhxrtu.supabase.co/rest/v1/options_quotes?select=date&order=date.desc&limit=1 "HTTP/2 200 OK"
2026-02-09 15:11:25,273 - httpx - INFO - HTTP Request: GET https://bsuxftcbjeqzujwhxrtu.supabase.co/rest/v1/options_quotes?select=%2A&symbol=eq.GMAB&date=eq.2026-02-09&type=eq.put "HTTP/2 200 OK"
2026-02-09 15:11:25,275 - __main__ - INFO - Processing PLD...
2026-02-09 15:11:25,420 - httpx - INFO - HTTP Request: GET https://bsuxftcbjeqzujwhxrtu.supabase.co/rest/v1/options_quotes?select=date&order=date.desc&limit=1 "HTTP/2 200 OK"
2026-02-09 15:11:25,562 - httpx - INFO - HTTP Request: GET https://bsuxftcbjeqzujwhxrtu.supabase.co/rest/v1/options_quotes?select=%2A&symbol=eq.PLD&date=eq.2026-02-09&type=eq.put "HTTP/2 200 OK"
2026-02-09 15:11:25,562 - __main__ - INFO - Processing BIP...
2026-02-09 15:11:25,723 - httpx - INFO - HTTP Request: GET https://bsuxftcbjeqzujwhxrtu.supabase.co/rest/v1/options_quotes?select=date&order=date.desc&limit=1 "HTTP/2 200 OK"
2026-02-09 15:11:25,871 - httpx - INFO - HTTP Request: GET https://bsuxftcbjeqzujwhxrtu.supabase.co/rest/v1/options_quotes?select=%2A&symbol=eq.BIP&date=eq.2026-02-09&type=eq.put "HTTP/2 200 OK"
2026-02-09 15:11:25,873 - __main__ - INFO - Processing XP...
2026-02-09 15:11:26,049 - httpx - INFO - HTTP Request: GET https://bsuxftcbjeqzujwhxrtu.supabase.co/rest/v1/options_quotes?select=date&order=date.desc&limit=1 "HTTP/2 200 OK"
2026-02-09 15:11:26,248 - httpx - INFO - HTTP Request: GET https://bsuxftcbjeqzujwhxrtu.supabase.co/rest/v1/options_quotes?select=%2A&symbol=eq.XP&date=eq.2026-02-09&type=eq.put "HTTP/2 200 OK"
2026-02-09 15:11:26,249 - __main__ - INFO - Processing ZM...
2026-02-09 15:11:26,400 - httpx - INFO - HTTP Request: GET https://bsuxftcbjeqzujwhxrtu.supabase.co/rest/v1/options_quotes?select=date&order=date.desc&limit=1 "HTTP/2 200 OK"
2026-02-09 15:11:26,558 - httpx - INFO - HTTP Request: GET https://bsuxftcbjeqzujwhxrtu.supabase.co/rest/v1/options_quotes?select=%2A&symbol=eq.ZM&date=eq.2026-02-09&type=eq.put "HTTP/2 200 OK"
2026-02-09 15:11:26,559 - __main__ - INFO - Processing EGP...
2026-02-09 15:11:26,704 - httpx - INFO - HTTP Request: GET https://bsuxftcbjeqzujwhxrtu.supabase.co/rest/v1/options_quotes?select=date&order=date.desc&limit=1 "HTTP/2 200 OK"
2026-02-09 15:11:26,853 - httpx - INFO - HTTP Request: GET https://bsuxftcbjeqzujwhxrtu.supabase.co/rest/v1/options_quotes?select=%2A&symbol=eq.EGP&date=eq.2026-02-09&type=eq.put "HTTP/2 200 OK"
2026-02-09 15:11:26,855 - __main__ - INFO - Processing RMD...
2026-02-09 15:11:27,013 - httpx - INFO - HTTP Request: GET https://bsuxftcbjeqzujwhxrtu.supabase.co/rest/v1/options_quotes?select=date&order=date.desc&limit=1 "HTTP/2 200 OK"
2026-02-09 15:11:27,159 - httpx - INFO - HTTP Request: GET https://bsuxftcbjeqzujwhxrtu.supabase.co/rest/v1/options_quotes?select=%2A&symbol=eq.RMD&date=eq.2026-02-09&type=eq.put "HTTP/2 200 OK"
2026-02-09 15:11:27,160 - __main__ - INFO - Processing FANG...
2026-02-09 15:11:27,334 - httpx - INFO - HTTP Request: GET https://bsuxftcbjeqzujwhxrtu.supabase.co/rest/v1/options_quotes?select=date&order=date.desc&limit=1 "HTTP/2 200 OK"
2026-02-09 15:11:27,518 - httpx - INFO - HTTP Request: GET https://bsuxftcbjeqzujwhxrtu.supabase.co/rest/v1/options_quotes?select=%2A&symbol=eq.FANG&date=eq.2026-02-09&type=eq.put "HTTP/2 200 OK"
2026-02-09 15:11:27,522 - __main__ - INFO - Processing XYL...
2026-02-09 15:11:27,666 - httpx - INFO - HTTP Request: GET https://bsuxftcbjeqzujwhxrtu.supabase.co/rest/v1/options_quotes?select=date&order=date.desc&limit=1 "HTTP/2 200 OK"
2026-02-09 15:11:27,804 - httpx - INFO - HTTP Request: GET https://bsuxftcbjeqzujwhxrtu.supabase.co/rest/v1/options_quotes?select=%2A&symbol=eq.XYL&date=eq.2026-02-09&type=eq.put "HTTP/2 200 OK"
2026-02-09 15:11:27,805 - __main__ - INFO - Processing SCHW...
2026-02-09 15:11:27,945 - httpx - INFO - HTTP Request: GET https://bsuxftcbjeqzujwhxrtu.supabase.co/rest/v1/options_quotes?select=date&order=date.desc&limit=1 "HTTP/2 200 OK"
2026-02-09 15:11:28,109 - httpx - INFO - HTTP Request: GET https://bsuxftcbjeqzujwhxrtu.supabase.co/rest/v1/options_quotes?select=%2A&symbol=eq.SCHW&date=eq.2026-02-09&type=eq.put "HTTP/2 200 OK"
2026-02-09 15:11:28,109 - __main__ - INFO - Processing ONC...
2026-02-09 15:11:28,277 - httpx - INFO - HTTP Request: GET https://bsuxftcbjeqzujwhxrtu.supabase.co/rest/v1/options_quotes?select=date&order=date.desc&limit=1 "HTTP/2 200 OK"
2026-02-09 15:11:28,433 - httpx - INFO - HTTP Request: GET https://bsuxftcbjeqzujwhxrtu.supabase.co/rest/v1/options_quotes?select=%2A&symbol=eq.ONC&date=eq.2026-02-09&type=eq.put "HTTP/2 200 OK"
2026-02-09 15:11:28,434 - __main__ - INFO - Processing MDB...
2026-02-09 15:11:28,615 - httpx - INFO - HTTP Request: GET https://bsuxftcbjeqzujwhxrtu.supabase.co/rest/v1/options_quotes?select=date&order=date.desc&limit=1 "HTTP/2 200 OK"
2026-02-09 15:11:28,761 - httpx - INFO - HTTP Request: GET https://bsuxftcbjeqzujwhxrtu.supabase.co/rest/v1/options_quotes?select=%2A&symbol=eq.MDB&date=eq.2026-02-09&type=eq.put "HTTP/2 200 OK"
2026-02-09 15:11:28,762 - __main__ - INFO - Processing TS...
2026-02-09 15:11:28,901 - httpx - INFO - HTTP Request: GET https://bsuxftcbjeqzujwhxrtu.supabase.co/rest/v1/options_quotes?select=date&order=date.desc&limit=1 "HTTP/2 200 OK"
2026-02-09 15:11:29,078 - httpx - INFO - HTTP Request: GET https://bsuxftcbjeqzujwhxrtu.supabase.co/rest/v1/options_quotes?select=%2A&symbol=eq.TS&date=eq.2026-02-09&type=eq.put "HTTP/2 200 OK"
2026-02-09 15:11:29,078 - __main__ - INFO - Processing ASR...
2026-02-09 15:11:29,242 - httpx - INFO - HTTP Request: GET https://bsuxftcbjeqzujwhxrtu.supabase.co/rest/v1/options_quotes?select=date&order=date.desc&limit=1 "HTTP/2 200 OK"
2026-02-09 15:11:29,402 - httpx - INFO - HTTP Request: GET https://bsuxftcbjeqzujwhxrtu.supabase.co/rest/v1/options_quotes?select=%2A&symbol=eq.ASR&date=eq.2026-02-09&type=eq.put "HTTP/2 200 OK"
2026-02-09 15:11:29,405 - __main__ - INFO - Processing FCX...
2026-02-09 15:11:29,559 - httpx - INFO - HTTP Request: GET https://bsuxftcbjeqzujwhxrtu.supabase.co/rest/v1/options_quotes?select=date&order=date.desc&limit=1 "HTTP/2 200 OK"
2026-02-09 15:11:29,732 - httpx - INFO - HTTP Request: GET https://bsuxftcbjeqzujwhxrtu.supabase.co/rest/v1/options_quotes?select=%2A&symbol=eq.FCX&date=eq.2026-02-09&type=eq.put "HTTP/2 200 OK"
2026-02-09 15:11:29,787 - __main__ - INFO - Processing BLDR...
2026-02-09 15:11:29,941 - httpx - INFO - HTTP Request: GET https://bsuxftcbjeqzujwhxrtu.supabase.co/rest/v1/options_quotes?select=date&order=date.desc&limit=1 "HTTP/2 200 OK"
2026-02-09 15:11:30,135 - httpx - INFO - HTTP Request: GET https://bsuxftcbjeqzujwhxrtu.supabase.co/rest/v1/options_quotes?select=%2A&symbol=eq.BLDR&date=eq.2026-02-09&type=eq.put "HTTP/2 200 OK"
2026-02-09 15:11:30,139 - __main__ - INFO - Processing TDY...
2026-02-09 15:11:30,323 - httpx - INFO - HTTP Request: GET https://bsuxftcbjeqzujwhxrtu.supabase.co/rest/v1/options_quotes?select=date&order=date.desc&limit=1 "HTTP/2 200 OK"
2026-02-09 15:11:30,537 - httpx - INFO - HTTP Request: GET https://bsuxftcbjeqzujwhxrtu.supabase.co/rest/v1/options_quotes?select=%2A&symbol=eq.TDY&date=eq.2026-02-09&type=eq.put "HTTP/2 200 OK"
2026-02-09 15:11:30,538 - __main__ - INFO - Processing WM...
2026-02-09 15:11:30,704 - httpx - INFO - HTTP Request: GET https://bsuxftcbjeqzujwhxrtu.supabase.co/rest/v1/options_quotes?select=date&order=date.desc&limit=1 "HTTP/2 200 OK"
2026-02-09 15:11:30,848 - httpx - INFO - HTTP Request: GET https://bsuxftcbjeqzujwhxrtu.supabase.co/rest/v1/options_quotes?select=%2A&symbol=eq.WM&date=eq.2026-02-09&type=eq.put "HTTP/2 200 OK"
2026-02-09 15:11:30,849 - __main__ - INFO - Processing AZN...
2026-02-09 15:11:31,024 - httpx - INFO - HTTP Request: GET https://bsuxftcbjeqzujwhxrtu.supabase.co/rest/v1/options_quotes?select=date&order=date.desc&limit=1 "HTTP/2 200 OK"
2026-02-09 15:11:31,173 - httpx - INFO - HTTP Request: GET https://bsuxftcbjeqzujwhxrtu.supabase.co/rest/v1/options_quotes?select=%2A&symbol=eq.AZN&date=eq.2026-02-09&type=eq.put "HTTP/2 200 OK"
2026-02-09 15:11:31,178 - __main__ - INFO - Processing VNOM...
2026-02-09 15:11:31,328 - httpx - INFO - HTTP Request: GET https://bsuxftcbjeqzujwhxrtu.supabase.co/rest/v1/options_quotes?select=date&order=date.desc&limit=1 "HTTP/2 200 OK"
2026-02-09 15:11:31,491 - httpx - INFO - HTTP Request: GET https://bsuxftcbjeqzujwhxrtu.supabase.co/rest/v1/options_quotes?select=%2A&symbol=eq.VNOM&date=eq.2026-02-09&type=eq.put "HTTP/2 200 OK"
2026-02-09 15:11:31,491 - __main__ - INFO - Processing CG...
2026-02-09 15:11:31,656 - httpx - INFO - HTTP Request: GET https://bsuxftcbjeqzujwhxrtu.supabase.co/rest/v1/options_quotes?select=date&order=date.desc&limit=1 "HTTP/2 200 OK"
2026-02-09 15:11:31,805 - httpx - INFO - HTTP Request: GET https://bsuxftcbjeqzujwhxrtu.supabase.co/rest/v1/options_quotes?select=%2A&symbol=eq.CG&date=eq.2026-02-09&type=eq.put "HTTP/2 200 OK"
2026-02-09 15:11:31,808 - __main__ - INFO - Processing RJF...
2026-02-09 15:11:31,948 - httpx - INFO - HTTP Request: GET https://bsuxftcbjeqzujwhxrtu.supabase.co/rest/v1/options_quotes?select=date&order=date.desc&limit=1 "HTTP/2 200 OK"
2026-02-09 15:11:32,099 - httpx - INFO - HTTP Request: GET https://bsuxftcbjeqzujwhxrtu.supabase.co/rest/v1/options_quotes?select=%2A&symbol=eq.RJF&date=eq.2026-02-09&type=eq.put "HTTP/2 200 OK"
2026-02-09 15:11:32,100 - __main__ - INFO - Processing AME...
2026-02-09 15:11:32,251 - httpx - INFO - HTTP Request: GET https://bsuxftcbjeqzujwhxrtu.supabase.co/rest/v1/options_quotes?select=date&order=date.desc&limit=1 "HTTP/2 200 OK"
2026-02-09 15:11:32,414 - httpx - INFO - HTTP Request: GET https://bsuxftcbjeqzujwhxrtu.supabase.co/rest/v1/options_quotes?select=%2A&symbol=eq.AME&date=eq.2026-02-09&type=eq.put "HTTP/2 200 OK"
2026-02-09 15:11:32,417 - __main__ - INFO - Processing CPAY...
2026-02-09 15:11:32,562 - httpx - INFO - HTTP Request: GET https://bsuxftcbjeqzujwhxrtu.supabase.co/rest/v1/options_quotes?select=date&order=date.desc&limit=1 "HTTP/2 200 OK"
2026-02-09 15:11:32,715 - httpx - INFO - HTTP Request: GET https://bsuxftcbjeqzujwhxrtu.supabase.co/rest/v1/options_quotes?select=%2A&symbol=eq.CPAY&date=eq.2026-02-09&type=eq.put "HTTP/2 200 OK"
2026-02-09 15:11:32,719 - __main__ - INFO - Processing DECK...
2026-02-09 15:11:32,871 - httpx - INFO - HTTP Request: GET https://bsuxftcbjeqzujwhxrtu.supabase.co/rest/v1/options_quotes?select=date&order=date.desc&limit=1 "HTTP/2 200 OK"
2026-02-09 15:11:33,024 - httpx - INFO - HTTP Request: GET https://bsuxftcbjeqzujwhxrtu.supabase.co/rest/v1/options_quotes?select=%2A&symbol=eq.DECK&date=eq.2026-02-09&type=eq.put "HTTP/2 200 OK"
2026-02-09 15:11:33,036 - __main__ - INFO - Processing PR...
2026-02-09 15:11:33,187 - httpx - INFO - HTTP Request: GET https://bsuxftcbjeqzujwhxrtu.supabase.co/rest/v1/options_quotes?select=date&order=date.desc&limit=1 "HTTP/2 200 OK"
2026-02-09 15:11:33,357 - httpx - INFO - HTTP Request: GET https://bsuxftcbjeqzujwhxrtu.supabase.co/rest/v1/options_quotes?select=%2A&symbol=eq.PR&date=eq.2026-02-09&type=eq.put "HTTP/2 200 OK"
2026-02-09 15:11:33,358 - __main__ - INFO - Processing AXP...
2026-02-09 15:11:33,532 - httpx - INFO - HTTP Request: GET https://bsuxftcbjeqzujwhxrtu.supabase.co/rest/v1/options_quotes?select=date&order=date.desc&limit=1 "HTTP/2 200 OK"
2026-02-09 15:11:33,678 - httpx - INFO - HTTP Request: GET https://bsuxftcbjeqzujwhxrtu.supabase.co/rest/v1/options_quotes?select=%2A&symbol=eq.AXP&date=eq.2026-02-09&type=eq.put "HTTP/2 200 OK"
2026-02-09 15:11:33,691 - __main__ - INFO - Processing RGLD...
2026-02-09 15:11:33,842 - httpx - INFO - HTTP Request: GET https://bsuxftcbjeqzujwhxrtu.supabase.co/rest/v1/options_quotes?select=date&order=date.desc&limit=1 "HTTP/2 200 OK"
2026-02-09 15:11:33,992 - httpx - INFO - HTTP Request: GET https://bsuxftcbjeqzujwhxrtu.supabase.co/rest/v1/options_quotes?select=%2A&symbol=eq.RGLD&date=eq.2026-02-09&type=eq.put "HTTP/2 200 OK"
2026-02-09 15:11:33,993 - __main__ - INFO - Processing MEDP...
2026-02-09 15:11:34,169 - httpx - INFO - HTTP Request: GET https://bsuxftcbjeqzujwhxrtu.supabase.co/rest/v1/options_quotes?select=date&order=date.desc&limit=1 "HTTP/2 200 OK"
2026-02-09 15:11:34,332 - httpx - INFO - HTTP Request: GET https://bsuxftcbjeqzujwhxrtu.supabase.co/rest/v1/options_quotes?select=%2A&symbol=eq.MEDP&date=eq.2026-02-09&type=eq.put "HTTP/2 200 OK"
2026-02-09 15:11:34,333 - __main__ - INFO - Processing DTM...
2026-02-09 15:11:34,473 - httpx - INFO - HTTP Request: GET https://bsuxftcbjeqzujwhxrtu.supabase.co/rest/v1/options_quotes?select=date&order=date.desc&limit=1 "HTTP/2 200 OK"
2026-02-09 15:11:34,655 - httpx - INFO - HTTP Request: GET https://bsuxftcbjeqzujwhxrtu.supabase.co/rest/v1/options_quotes?select=%2A&symbol=eq.DTM&date=eq.2026-02-09&type=eq.put "HTTP/2 200 OK"
2026-02-09 15:11:34,658 - __main__ - INFO - Processing ONTO...
2026-02-09 15:11:34,795 - httpx - INFO - HTTP Request: GET https://bsuxftcbjeqzujwhxrtu.supabase.co/rest/v1/options_quotes?select=date&order=date.desc&limit=1 "HTTP/2 200 OK"
2026-02-09 15:11:34,943 - httpx - INFO - HTTP Request: GET https://bsuxftcbjeqzujwhxrtu.supabase.co/rest/v1/options_quotes?select=%2A&symbol=eq.ONTO&date=eq.2026-02-09&type=eq.put "HTTP/2 200 OK"
2026-02-09 15:11:34,944 - __main__ - INFO - Processing TT...
2026-02-09 15:11:35,095 - httpx - INFO - HTTP Request: GET https://bsuxftcbjeqzujwhxrtu.supabase.co/rest/v1/options_quotes?select=date&order=date.desc&limit=1 "HTTP/2 200 OK"
2026-02-09 15:11:35,257 - httpx - INFO - HTTP Request: GET https://bsuxftcbjeqzujwhxrtu.supabase.co/rest/v1/options_quotes?select=%2A&symbol=eq.TT&date=eq.2026-02-09&type=eq.put "HTTP/2 200 OK"
2026-02-09 15:11:35,258 - __main__ - INFO - Processing BLD...
2026-02-09 15:11:35,396 - httpx - INFO - HTTP Request: GET https://bsuxftcbjeqzujwhxrtu.supabase.co/rest/v1/options_quotes?select=date&order=date.desc&limit=1 "HTTP/2 200 OK"
2026-02-09 15:11:35,553 - httpx - INFO - HTTP Request: GET https://bsuxftcbjeqzujwhxrtu.supabase.co/rest/v1/options_quotes?select=%2A&symbol=eq.BLD&date=eq.2026-02-09&type=eq.put "HTTP/2 200 OK"
2026-02-09 15:11:35,557 - __main__ - INFO - Processing EXEL...
2026-02-09 15:11:35,700 - httpx - INFO - HTTP Request: GET https://bsuxftcbjeqzujwhxrtu.supabase.co/rest/v1/options_quotes?select=date&order=date.desc&limit=1 "HTTP/2 200 OK"
2026-02-09 15:11:35,849 - httpx - INFO - HTTP Request: GET https://bsuxftcbjeqzujwhxrtu.supabase.co/rest/v1/options_quotes?select=%2A&symbol=eq.EXEL&date=eq.2026-02-09&type=eq.put "HTTP/2 200 OK"
2026-02-09 15:11:35,852 - __main__ - INFO - Processing AMAT...
2026-02-09 15:11:35,999 - httpx - INFO - HTTP Request: GET https://bsuxftcbjeqzujwhxrtu.supabase.co/rest/v1/options_quotes?select=date&order=date.desc&limit=1 "HTTP/2 200 OK"
2026-02-09 15:11:36,148 - httpx - INFO - HTTP Request: GET https://bsuxftcbjeqzujwhxrtu.supabase.co/rest/v1/options_quotes?select=%2A&symbol=eq.AMAT&date=eq.2026-02-09&type=eq.put "HTTP/2 200 OK"
2026-02-09 15:11:36,161 - __main__ - INFO - Processing MPWR...
2026-02-09 15:11:36,307 - httpx - INFO - HTTP Request: GET https://bsuxftcbjeqzujwhxrtu.supabase.co/rest/v1/options_quotes?select=date&order=date.desc&limit=1 "HTTP/2 200 OK"
2026-02-09 15:11:36,459 - httpx - INFO - HTTP Request: GET https://bsuxftcbjeqzujwhxrtu.supabase.co/rest/v1/options_quotes?select=%2A&symbol=eq.MPWR&date=eq.2026-02-09&type=eq.put "HTTP/2 200 OK"
2026-02-09 15:11:36,459 - __main__ - INFO - Processing EVR...
2026-02-09 15:11:36,593 - httpx - INFO - HTTP Request: GET https://bsuxftcbjeqzujwhxrtu.supabase.co/rest/v1/options_quotes?select=date&order=date.desc&limit=1 "HTTP/2 200 OK"
2026-02-09 15:11:36,738 - httpx - INFO - HTTP Request: GET https://bsuxftcbjeqzujwhxrtu.supabase.co/rest/v1/options_quotes?select=%2A&symbol=eq.EVR&date=eq.2026-02-09&type=eq.put "HTTP/2 200 OK"
2026-02-09 15:11:36,742 - __main__ - INFO - Processing CAT...
2026-02-09 15:11:36,920 - httpx - INFO - HTTP Request: GET https://bsuxftcbjeqzujwhxrtu.supabase.co/rest/v1/options_quotes?select=date&order=date.desc&limit=1 "HTTP/2 200 OK"
2026-02-09 15:11:37,135 - httpx - INFO - HTTP Request: GET https://bsuxftcbjeqzujwhxrtu.supabase.co/rest/v1/options_quotes?select=%2A&symbol=eq.CAT&date=eq.2026-02-09&type=eq.put "HTTP/2 200 OK"
2026-02-09 15:11:37,147 - __main__ - INFO - Processing ANET...
2026-02-09 15:11:37,286 - httpx - INFO - HTTP Request: GET https://bsuxftcbjeqzujwhxrtu.supabase.co/rest/v1/options_quotes?select=date&order=date.desc&limit=1 "HTTP/2 200 OK"
2026-02-09 15:11:37,437 - httpx - INFO - HTTP Request: GET https://bsuxftcbjeqzujwhxrtu.supabase.co/rest/v1/options_quotes?select=%2A&symbol=eq.ANET&date=eq.2026-02-09&type=eq.put "HTTP/2 200 OK"
2026-02-09 15:11:37,451 - __main__ - INFO - Processing LRCX...
2026-02-09 15:11:37,605 - httpx - INFO - HTTP Request: GET https://bsuxftcbjeqzujwhxrtu.supabase.co/rest/v1/options_quotes?select=date&order=date.desc&limit=1 "HTTP/2 200 OK"
2026-02-09 15:11:37,750 - httpx - INFO - HTTP Request: GET https://bsuxftcbjeqzujwhxrtu.supabase.co/rest/v1/options_quotes?select=%2A&symbol=eq.LRCX&date=eq.2026-02-09&type=eq.put "HTTP/2 200 OK"
2026-02-09 15:11:37,750 - __main__ - INFO - Processing NVMI...
2026-02-09 15:11:37,887 - httpx - INFO - HTTP Request: GET https://bsuxftcbjeqzujwhxrtu.supabase.co/rest/v1/options_quotes?select=date&order=date.desc&limit=1 "HTTP/2 200 OK"
2026-02-09 15:11:38,046 - httpx - INFO - HTTP Request: GET https://bsuxftcbjeqzujwhxrtu.supabase.co/rest/v1/options_quotes?select=%2A&symbol=eq.NVMI&date=eq.2026-02-09&type=eq.put "HTTP/2 200 OK"
2026-02-09 15:11:38,047 - __main__ - INFO - Processing GFI...
2026-02-09 15:11:38,193 - httpx - INFO - HTTP Request: GET https://bsuxftcbjeqzujwhxrtu.supabase.co/rest/v1/options_quotes?select=date&order=date.desc&limit=1 "HTTP/2 200 OK"
2026-02-09 15:11:38,335 - httpx - INFO - HTTP Request: GET https://bsuxftcbjeqzujwhxrtu.supabase.co/rest/v1/options_quotes?select=%2A&symbol=eq.GFI&date=eq.2026-02-09&type=eq.put "HTTP/2 200 OK"
2026-02-09 15:11:38,340 - __main__ - INFO - Processing AVGO...
2026-02-09 15:11:38,476 - httpx - INFO - HTTP Request: GET https://bsuxftcbjeqzujwhxrtu.supabase.co/rest/v1/options_quotes?select=date&order=date.desc&limit=1 "HTTP/2 200 OK"
2026-02-09 15:11:38,736 - httpx - INFO - HTTP Request: GET https://bsuxftcbjeqzujwhxrtu.supabase.co/rest/v1/options_quotes?select=%2A&symbol=eq.AVGO&date=eq.2026-02-09&type=eq.put "HTTP/2 200 OK"
2026-02-09 15:11:38,755 - __main__ - INFO - Processing BE...
2026-02-09 15:11:38,916 - httpx - INFO - HTTP Request: GET https://bsuxftcbjeqzujwhxrtu.supabase.co/rest/v1/options_quotes?select=date&order=date.desc&limit=1 "HTTP/2 200 OK"
2026-02-09 15:11:39,065 - httpx - INFO - HTTP Request: GET https://bsuxftcbjeqzujwhxrtu.supabase.co/rest/v1/options_quotes?select=%2A&symbol=eq.BE&date=eq.2026-02-09&type=eq.put "HTTP/2 200 OK"
2026-02-09 15:11:39,081 - __main__ - INFO - Processing MU...
2026-02-09 15:11:39,231 - httpx - INFO - HTTP Request: GET https://bsuxftcbjeqzujwhxrtu.supabase.co/rest/v1/options_quotes?select=date&order=date.desc&limit=1 "HTTP/2 200 OK"
2026-02-09 15:11:39,389 - httpx - INFO - HTTP Request: GET https://bsuxftcbjeqzujwhxrtu.supabase.co/rest/v1/options_quotes?select=%2A&symbol=eq.MU&date=eq.2026-02-09&type=eq.put "HTTP/2 200 OK"
2026-02-09 15:11:39,389 - __main__ - INFO - Processing NVDA...
2026-02-09 15:11:39,527 - httpx - INFO - HTTP Request: GET https://bsuxftcbjeqzujwhxrtu.supabase.co/rest/v1/options_quotes?select=date&order=date.desc&limit=1 "HTTP/2 200 OK"
2026-02-09 15:11:39,680 - httpx - INFO - HTTP Request: GET https://bsuxftcbjeqzujwhxrtu.supabase.co/rest/v1/options_quotes?select=%2A&symbol=eq.NVDA&date=eq.2026-02-09&type=eq.put "HTTP/2 200 OK"
2026-02-09 15:11:39,681 - __main__ - INFO - Processing RKLB...
2026-02-09 15:11:39,816 - httpx - INFO - HTTP Request: GET https://bsuxftcbjeqzujwhxrtu.supabase.co/rest/v1/options_quotes?select=date&order=date.desc&limit=1 "HTTP/2 200 OK"
2026-02-09 15:11:39,972 - httpx - INFO - HTTP Request: GET https://bsuxftcbjeqzujwhxrtu.supabase.co/rest/v1/options_quotes?select=%2A&symbol=eq.RKLB&date=eq.2026-02-09&type=eq.put "HTTP/2 200 OK"
2026-02-09 15:11:39,973 - __main__ - INFO - Processing FCX...
2026-02-09 15:11:40,133 - httpx - INFO - HTTP Request: GET https://bsuxftcbjeqzujwhxrtu.supabase.co/rest/v1/options_quotes?select=date&order=date.desc&limit=1 "HTTP/2 200 OK"
2026-02-09 15:11:40,291 - httpx - INFO - HTTP Request: GET https://bsuxftcbjeqzujwhxrtu.supabase.co/rest/v1/options_quotes?select=%2A&symbol=eq.FCX&date=eq.2026-02-09&type=eq.put "HTTP/2 200 OK"
2026-02-09 15:11:40,306 - __main__ - INFO - Processing RGLD...
2026-02-09 15:11:40,455 - httpx - INFO - HTTP Request: GET https://bsuxftcbjeqzujwhxrtu.supabase.co/rest/v1/options_quotes?select=date&order=date.desc&limit=1 "HTTP/2 200 OK"
2026-02-09 15:11:40,622 - httpx - INFO - HTTP Request: GET https://bsuxftcbjeqzujwhxrtu.supabase.co/rest/v1/options_quotes?select=%2A&symbol=eq.RGLD&date=eq.2026-02-09&type=eq.put "HTTP/2 200 OK"
2026-02-09 15:11:40,623 - __main__ - INFO - Processing ASML...
2026-02-09 15:11:40,783 - httpx - INFO - HTTP Request: GET https://bsuxftcbjeqzujwhxrtu.supabase.co/rest/v1/options_quotes?select=date&order=date.desc&limit=1 "HTTP/2 200 OK"
2026-02-09 15:11:40,966 - httpx - INFO - HTTP Request: GET https://bsuxftcbjeqzujwhxrtu.supabase.co/rest/v1/options_quotes?select=%2A&symbol=eq.ASML&date=eq.2026-02-09&type=eq.put "HTTP/2 200 OK"
2026-02-09 15:11:40,980 - __main__ - INFO - Processing CAT...
2026-02-09 15:11:41,152 - httpx - INFO - HTTP Request: GET https://bsuxftcbjeqzujwhxrtu.supabase.co/rest/v1/options_quotes?select=date&order=date.desc&limit=1 "HTTP/2 200 OK"
2026-02-09 15:11:41,318 - httpx - INFO - HTTP Request: GET https://bsuxftcbjeqzujwhxrtu.supabase.co/rest/v1/options_quotes?select=%2A&symbol=eq.CAT&date=eq.2026-02-09&type=eq.put "HTTP/2 200 OK"
2026-02-09 15:11:41,331 - __main__ - INFO - Processing MPWR...
2026-02-09 15:11:41,532 - httpx - INFO - HTTP Request: GET https://bsuxftcbjeqzujwhxrtu.supabase.co/rest/v1/options_quotes?select=date&order=date.desc&limit=1 "HTTP/2 200 OK"
2026-02-09 15:11:41,738 - httpx - INFO - HTTP Request: GET https://bsuxftcbjeqzujwhxrtu.supabase.co/rest/v1/options_quotes?select=%2A&symbol=eq.MPWR&date=eq.2026-02-09&type=eq.put "HTTP/2 200 OK"
2026-02-09 15:11:41,738 - __main__ - INFO - Processing AMAT...
2026-02-09 15:11:41,931 - httpx - INFO - HTTP Request: GET https://bsuxftcbjeqzujwhxrtu.supabase.co/rest/v1/options_quotes?select=date&order=date.desc&limit=1 "HTTP/2 200 OK"
2026-02-09 15:11:42,110 - httpx - INFO - HTTP Request: GET https://bsuxftcbjeqzujwhxrtu.supabase.co/rest/v1/options_quotes?select=%2A&symbol=eq.AMAT&date=eq.2026-02-09&type=eq.put "HTTP/2 200 OK"
2026-02-09 15:11:42,123 - __main__ - INFO - Processing AMD...
2026-02-09 15:11:42,297 - httpx - INFO - HTTP Request: GET https://bsuxftcbjeqzujwhxrtu.supabase.co/rest/v1/options_quotes?select=date&order=date.desc&limit=1 "HTTP/2 200 OK"
2026-02-09 15:11:42,460 - httpx - INFO - HTTP Request: GET https://bsuxftcbjeqzujwhxrtu.supabase.co/rest/v1/options_quotes?select=%2A&symbol=eq.AMD&date=eq.2026-02-09&type=eq.put "HTTP/2 200 OK"
2026-02-09 15:11:42,461 - __main__ - INFO - Processing KLAC...
2026-02-09 15:11:42,612 - httpx - INFO - HTTP Request: GET https://bsuxftcbjeqzujwhxrtu.supabase.co/rest/v1/options_quotes?select=date&order=date.desc&limit=1 "HTTP/2 200 OK"
2026-02-09 15:11:42,787 - httpx - INFO - HTTP Request: GET https://bsuxftcbjeqzujwhxrtu.supabase.co/rest/v1/options_quotes?select=%2A&symbol=eq.KLAC&date=eq.2026-02-09&type=eq.put "HTTP/2 200 OK"
2026-02-09 15:11:42,792 - __main__ - INFO - Processing GOOG...
2026-02-09 15:11:42,933 - httpx - INFO - HTTP Request: GET https://bsuxftcbjeqzujwhxrtu.supabase.co/rest/v1/options_quotes?select=date&order=date.desc&limit=1 "HTTP/2 200 OK"
2026-02-09 15:11:43,111 - httpx - INFO - HTTP Request: GET https://bsuxftcbjeqzujwhxrtu.supabase.co/rest/v1/options_quotes?select=%2A&symbol=eq.GOOG&date=eq.2026-02-09&type=eq.put "HTTP/2 200 OK"
2026-02-09 15:11:43,124 - __main__ - INFO - Processing GOOGL...
2026-02-09 15:11:43,300 - httpx - INFO - HTTP Request: GET https://bsuxftcbjeqzujwhxrtu.supabase.co/rest/v1/options_quotes?select=date&order=date.desc&limit=1 "HTTP/2 200 OK"
2026-02-09 15:11:43,595 - httpx - INFO - HTTP Request: GET https://bsuxftcbjeqzujwhxrtu.supabase.co/rest/v1/options_quotes?select=%2A&symbol=eq.GOOGL&date=eq.2026-02-09&type=eq.put "HTTP/2 200 OK"
2026-02-09 15:11:43,612 - __main__ - INFO - Processing GFI...
2026-02-09 15:11:43,790 - httpx - INFO - HTTP Request: GET https://bsuxftcbjeqzujwhxrtu.supabase.co/rest/v1/options_quotes?select=date&order=date.desc&limit=1 "HTTP/2 200 OK"
2026-02-09 15:11:43,957 - httpx - INFO - HTTP Request: GET https://bsuxftcbjeqzujwhxrtu.supabase.co/rest/v1/options_quotes?select=%2A&symbol=eq.GFI&date=eq.2026-02-09&type=eq.put "HTTP/2 200 OK"
2026-02-09 15:11:43,962 - __main__ - INFO - Processing CCJ...
2026-02-09 15:11:44,113 - httpx - INFO - HTTP Request: GET https://bsuxftcbjeqzujwhxrtu.supabase.co/rest/v1/options_quotes?select=date&order=date.desc&limit=1 "HTTP/2 200 OK"
2026-02-09 15:11:44,261 - httpx - INFO - HTTP Request: GET https://bsuxftcbjeqzujwhxrtu.supabase.co/rest/v1/options_quotes?select=%2A&symbol=eq.CCJ&date=eq.2026-02-09&type=eq.put "HTTP/2 200 OK"
2026-02-09 15:11:44,276 - __main__ - INFO - Processing LRCX...
2026-02-09 15:11:44,436 - httpx - INFO - HTTP Request: GET https://bsuxftcbjeqzujwhxrtu.supabase.co/rest/v1/options_quotes?select=date&order=date.desc&limit=1 "HTTP/2 200 OK"
2026-02-09 15:11:44,607 - httpx - INFO - HTTP Request: GET https://bsuxftcbjeqzujwhxrtu.supabase.co/rest/v1/options_quotes?select=%2A&symbol=eq.LRCX&date=eq.2026-02-09&type=eq.put "HTTP/2 200 OK"
2026-02-09 15:11:44,608 - __main__ - INFO - Processing NVMI...
2026-02-09 15:11:44,764 - httpx - INFO - HTTP Request: GET https://bsuxftcbjeqzujwhxrtu.supabase.co/rest/v1/options_quotes?select=date&order=date.desc&limit=1 "HTTP/2 200 OK"
2026-02-09 15:11:44,977 - httpx - INFO - HTTP Request: GET https://bsuxftcbjeqzujwhxrtu.supabase.co/rest/v1/options_quotes?select=%2A&symbol=eq.NVMI&date=eq.2026-02-09&type=eq.put "HTTP/2 200 OK"
2026-02-09 15:11:44,978 - __main__ - INFO - Processing BE...
2026-02-09 15:11:45,145 - httpx - INFO - HTTP Request: GET https://bsuxftcbjeqzujwhxrtu.supabase.co/rest/v1/options_quotes?select=date&order=date.desc&limit=1 "HTTP/2 200 OK"
2026-02-09 15:11:45,319 - httpx - INFO - HTTP Request: GET https://bsuxftcbjeqzujwhxrtu.supabase.co/rest/v1/options_quotes?select=%2A&symbol=eq.BE&date=eq.2026-02-09&type=eq.put "HTTP/2 200 OK"
2026-02-09 15:11:45,334 - __main__ - INFO - Processing MU...
2026-02-09 15:11:45,529 - httpx - INFO - HTTP Request: GET https://bsuxftcbjeqzujwhxrtu.supabase.co/rest/v1/options_quotes?select=date&order=date.desc&limit=1 "HTTP/2 200 OK"
2026-02-09 15:11:45,714 - httpx - INFO - HTTP Request: GET https://bsuxftcbjeqzujwhxrtu.supabase.co/rest/v1/options_quotes?select=%2A&symbol=eq.MU&date=eq.2026-02-09&type=eq.put "HTTP/2 200 OK"
2026-02-09 15:11:45,715 - __main__ - INFO - Processing RKLB...
2026-02-09 15:11:45,893 - httpx - INFO - HTTP Request: GET https://bsuxftcbjeqzujwhxrtu.supabase.co/rest/v1/options_quotes?select=date&order=date.desc&limit=1 "HTTP/2 200 OK"
2026-02-09 15:11:46,038 - httpx - INFO - HTTP Request: GET https://bsuxftcbjeqzujwhxrtu.supabase.co/rest/v1/options_quotes?select=%2A&symbol=eq.RKLB&date=eq.2026-02-09&type=eq.put "HTTP/2 200 OK"
2026-02-09 15:11:46,038 - __main__ - INFO - Processing FCX...
2026-02-09 15:11:46,186 - httpx - INFO - HTTP Request: GET https://bsuxftcbjeqzujwhxrtu.supabase.co/rest/v1/options_quotes?select=date&order=date.desc&limit=1 "HTTP/2 200 OK"
2026-02-09 15:11:46,358 - httpx - INFO - HTTP Request: GET https://bsuxftcbjeqzujwhxrtu.supabase.co/rest/v1/options_quotes?select=%2A&symbol=eq.FCX&date=eq.2026-02-09&type=eq.put "HTTP/2 200 OK"
2026-02-09 15:11:46,372 - __main__ - INFO - Processing RGLD...
2026-02-09 15:11:46,516 - httpx - INFO - HTTP Request: GET https://bsuxftcbjeqzujwhxrtu.supabase.co/rest/v1/options_quotes?select=date&order=date.desc&limit=1 "HTTP/2 200 OK"
2026-02-09 15:11:46,681 - httpx - INFO - HTTP Request: GET https://bsuxftcbjeqzujwhxrtu.supabase.co/rest/v1/options_quotes?select=%2A&symbol=eq.RGLD&date=eq.2026-02-09&type=eq.put "HTTP/2 200 OK"
2026-02-09 15:11:46,682 - __main__ - INFO - Processing ASML...
2026-02-09 15:11:46,851 - httpx - INFO - HTTP Request: GET https://bsuxftcbjeqzujwhxrtu.supabase.co/rest/v1/options_quotes?select=date&order=date.desc&limit=1 "HTTP/2 200 OK"
2026-02-09 15:11:47,031 - httpx - INFO - HTTP Request: GET https://bsuxftcbjeqzujwhxrtu.supabase.co/rest/v1/options_quotes?select=%2A&symbol=eq.ASML&date=eq.2026-02-09&type=eq.put "HTTP/2 200 OK"
2026-02-09 15:11:47,044 - __main__ - INFO - Processing CAT...
2026-02-09 15:11:47,246 - httpx - INFO - HTTP Request: GET https://bsuxftcbjeqzujwhxrtu.supabase.co/rest/v1/options_quotes?select=date&order=date.desc&limit=1 "HTTP/2 200 OK"
2026-02-09 15:11:47,449 - httpx - INFO - HTTP Request: GET https://bsuxftcbjeqzujwhxrtu.supabase.co/rest/v1/options_quotes?select=%2A&symbol=eq.CAT&date=eq.2026-02-09&type=eq.put "HTTP/2 200 OK"
2026-02-09 15:11:47,462 - __main__ - INFO - Processing MPWR...
2026-02-09 15:11:47,623 - httpx - INFO - HTTP Request: GET https://bsuxftcbjeqzujwhxrtu.supabase.co/rest/v1/options_quotes?select=date&order=date.desc&limit=1 "HTTP/2 200 OK"
2026-02-09 15:11:47,771 - httpx - INFO - HTTP Request: GET https://bsuxftcbjeqzujwhxrtu.supabase.co/rest/v1/options_quotes?select=%2A&symbol=eq.MPWR&date=eq.2026-02-09&type=eq.put "HTTP/2 200 OK"
2026-02-09 15:11:47,772 - __main__ - INFO - Processing AMAT...
2026-02-09 15:11:47,938 - httpx - INFO - HTTP Request: GET https://bsuxftcbjeqzujwhxrtu.supabase.co/rest/v1/options_quotes?select=date&order=date.desc&limit=1 "HTTP/2 200 OK"
2026-02-09 15:11:48,111 - httpx - INFO - HTTP Request: GET https://bsuxftcbjeqzujwhxrtu.supabase.co/rest/v1/options_quotes?select=%2A&symbol=eq.AMAT&date=eq.2026-02-09&type=eq.put "HTTP/2 200 OK"
2026-02-09 15:11:48,124 - __main__ - INFO - Processing AMD...
2026-02-09 15:11:48,264 - httpx - INFO - HTTP Request: GET https://bsuxftcbjeqzujwhxrtu.supabase.co/rest/v1/options_quotes?select=date&order=date.desc&limit=1 "HTTP/2 200 OK"
2026-02-09 15:11:48,441 - httpx - INFO - HTTP Request: GET https://bsuxftcbjeqzujwhxrtu.supabase.co/rest/v1/options_quotes?select=%2A&symbol=eq.AMD&date=eq.2026-02-09&type=eq.put "HTTP/2 200 OK"
2026-02-09 15:11:48,442 - __main__ - INFO - Processing KLAC...
2026-02-09 15:11:48,611 - httpx - INFO - HTTP Request: GET https://bsuxftcbjeqzujwhxrtu.supabase.co/rest/v1/options_quotes?select=date&order=date.desc&limit=1 "HTTP/2 200 OK"
2026-02-09 15:11:48,758 - httpx - INFO - HTTP Request: GET https://bsuxftcbjeqzujwhxrtu.supabase.co/rest/v1/options_quotes?select=%2A&symbol=eq.KLAC&date=eq.2026-02-09&type=eq.put "HTTP/2 200 OK"
2026-02-09 15:11:48,763 - __main__ - INFO - Processing GOOG...
2026-02-09 15:11:48,907 - httpx - INFO - HTTP Request: GET https://bsuxftcbjeqzujwhxrtu.supabase.co/rest/v1/options_quotes?select=date&order=date.desc&limit=1 "HTTP/2 200 OK"
2026-02-09 15:11:49,056 - httpx - INFO - HTTP Request: GET https://bsuxftcbjeqzujwhxrtu.supabase.co/rest/v1/options_quotes?select=%2A&symbol=eq.GOOG&date=eq.2026-02-09&type=eq.put "HTTP/2 200 OK"
2026-02-09 15:11:49,069 - __main__ - INFO - Processing GOOGL...
2026-02-09 15:11:49,219 - httpx - INFO - HTTP Request: GET https://bsuxftcbjeqzujwhxrtu.supabase.co/rest/v1/options_quotes?select=date&order=date.desc&limit=1 "HTTP/2 200 OK"
2026-02-09 15:11:49,392 - httpx - INFO - HTTP Request: GET https://bsuxftcbjeqzujwhxrtu.supabase.co/rest/v1/options_quotes?select=%2A&symbol=eq.GOOGL&date=eq.2026-02-09&type=eq.put "HTTP/2 200 OK"
2026-02-09 15:11:49,410 - __main__ - INFO - Processing GFI...
2026-02-09 15:11:49,574 - httpx - INFO - HTTP Request: GET https://bsuxftcbjeqzujwhxrtu.supabase.co/rest/v1/options_quotes?select=date&order=date.desc&limit=1 "HTTP/2 200 OK"
2026-02-09 15:11:49,741 - httpx - INFO - HTTP Request: GET https://bsuxftcbjeqzujwhxrtu.supabase.co/rest/v1/options_quotes?select=%2A&symbol=eq.GFI&date=eq.2026-02-09&type=eq.put "HTTP/2 200 OK"
2026-02-09 15:11:49,745 - __main__ - INFO - Processing CCJ...
2026-02-09 15:11:49,902 - httpx - INFO - HTTP Request: GET https://bsuxftcbjeqzujwhxrtu.supabase.co/rest/v1/options_quotes?select=date&order=date.desc&limit=1 "HTTP/2 200 OK"
2026-02-09 15:11:50,095 - httpx - INFO - HTTP Request: GET https://bsuxftcbjeqzujwhxrtu.supabase.co/rest/v1/options_quotes?select=%2A&symbol=eq.CCJ&date=eq.2026-02-09&type=eq.put "HTTP/2 200 OK"
2026-02-09 15:11:50,110 - __main__ - INFO - Processing LRCX...
2026-02-09 15:11:50,291 - httpx - INFO - HTTP Request: GET https://bsuxftcbjeqzujwhxrtu.supabase.co/rest/v1/options_quotes?select=date&order=date.desc&limit=1 "HTTP/2 200 OK"
2026-02-09 15:11:50,445 - httpx - INFO - HTTP Request: GET https://bsuxftcbjeqzujwhxrtu.supabase.co/rest/v1/options_quotes?select=%2A&symbol=eq.LRCX&date=eq.2026-02-09&type=eq.put "HTTP/2 200 OK"
2026-02-09 15:11:50,651 - httpx - INFO - HTTP Request: POST https://bsuxftcbjeqzujwhxrtu.supabase.co/rest/v1/options_opportunities?columns=%22strike_price%22%2C%22rsi_14%22%2C%22theta%22%2C%22expiration_date%22%2C%22above_sma_200%22%2C%22iv_percentile%22%2C%22annualized_return%22%2C%22return_pct%22%2C%22ticker%22%2C%22width%22%2C%22delta%22%2C%22collateral%22%2C%22strategy_type%22%2C%22net_credit%22%2C%22price_vs_bb_lower%22 "HTTP/2 201 Created"
2026-02-09 15:11:50,864 - httpx - INFO - HTTP Request: POST https://bsuxftcbjeqzujwhxrtu.supabase.co/rest/v1/options_opportunities?columns=%22strike_price%22%2C%22rsi_14%22%2C%22theta%22%2C%22expiration_date%22%2C%22above_sma_200%22%2C%22iv_percentile%22%2C%22annualized_return%22%2C%22return_pct%22%2C%22ticker%22%2C%22width%22%2C%22delta%22%2C%22collateral%22%2C%22strategy_type%22%2C%22net_credit%22%2C%22price_vs_bb_lower%22 "HTTP/2 201 Created"
2026-02-09 15:11:51,034 - httpx - INFO - HTTP Request: POST https://bsuxftcbjeqzujwhxrtu.supabase.co/rest/v1/options_opportunities?columns=%22strike_price%22%2C%22rsi_14%22%2C%22theta%22%2C%22expiration_date%22%2C%22above_sma_200%22%2C%22iv_percentile%22%2C%22annualized_return%22%2C%22return_pct%22%2C%22ticker%22%2C%22width%22%2C%22delta%22%2C%22collateral%22%2C%22strategy_type%22%2C%22net_credit%22%2C%22price_vs_bb_lower%22 "HTTP/2 201 Created"
2026-02-09 15:11:51,038 - __main__ - INFO - Inserted 292 opportunities
2026-02-09 15:11:51,038 - __main__ - INFO - Total opportunities generated: 292
2026-02-09 15:11:51,038 - __main__ - INFO - Options opportunities generation complete
